<?xml version="1.0" encoding="UTF-8"?>
<!-- Generated by org.testng.reporters.JUnitXMLReporter -->
<testsuite ignored="11" hostname="abdulraheemPC" failures="0" tests="7" name="Default test" time="31.243" errors="0" timestamp="2025-07-20T17:31:40 EET">
  <testcase classname="AutoPractce.AutoPractce.myTestCases" name="calender" time="3.065"/>
  <testcase classname="AutoPractce.AutoPractce.myTestCases" name="calenderAdd" time="4.026"/>
  <testcase classname="AutoPractce.AutoPractce.myTestCases" name="CalendrRead" time="4.786"/>
  <testcase classname="AutoPractce.AutoPractce.myTestCases" name="calenderupdate" time="4.022"/>
  <testcase classname="AutoPractce.AutoPractce.myTestCases" name="CalendrReadAfterUpdate" time="5.214"/>
  <testcase classname="AutoPractce.AutoPractce.myTestCases" name="calenderDelete" time="0.026"/>
  <testcase classname="AutoPractce.AutoPractce.myTestCases" name="Iframe" time="4.584"/>
  <testcase classname="AutoPractce.AutoPractce.myTestCases" name="open_tab" time="0.0">
    <ignored/>
  </testcase> <!-- open_tab -->
  <testcase classname="AutoPractce.AutoPractce.myTestCases" name="hideAndShow" time="0.0">
    <ignored/>
  </testcase> <!-- hideAndShow -->
  <testcase classname="AutoPractce.AutoPractce.myTestCases" name="RadioButton" time="0.0">
    <ignored/>
  </testcase> <!-- RadioButton -->
  <testcase classname="AutoPractce.AutoPractce.myTestCases" name="Dynamic_Dropdown_Example" time="0.0">
    <ignored/>
  </testcase> <!-- Dynamic_Dropdown_Example -->
  <testcase classname="AutoPractce.AutoPractce.myTestCases" name="open_window" time="0.0">
    <ignored/>
  </testcase> <!-- open_window -->
  <testcase classname="AutoPractce.AutoPractce.myTestCases" name="select_tag" time="0.0">
    <ignored/>
  </testcase> <!-- select_tag -->
  <testcase classname="AutoPractce.AutoPractce.myTestCases" name="MouseHover" time="0.0">
    <ignored/>
  </testcase> <!-- MouseHover -->
  <testcase classname="AutoPractce.AutoPractce.myTestCases" name="Table" time="0.0">
    <ignored/>
  </testcase> <!-- Table -->
  <testcase classname="AutoPractce.AutoPractce.myTestCases" name="alertAndConfirm" time="0.0">
    <ignored/>
  </testcase> <!-- alertAndConfirm -->
  <testcase classname="AutoPractce.AutoPractce.myTestCases" name="disableAndEnable" time="0.0">
    <ignored/>
  </testcase> <!-- disableAndEnable -->
  <testcase classname="AutoPractce.AutoPractce.myTestCases" name="CheckBox" time="0.0">
    <ignored/>
  </testcase> <!-- CheckBox -->
</testsuite> <!-- Default test -->
